2022-08-09T02:04:05+00:00 CRITICAL Uncaught TypeError: Cannot access offset of type string on string in /customers/f/6/8/mikkelbjoernsholm.one/httpd.www/wp-content/themes/phlox/auxin/auxin-include/include/functions.php:2926
Stack trace:
#0 /customers/f/6/8/mikkelbjoernsholm.one/httpd.www/wp-content/plugins/auxin-elements/public/includes/frontend-ajax.php(273): auxin_get_cart_basket('', 0)
#1 /customers/f/6/8/mikkelbjoernsholm.one/httpd.www/wp-includes/class-wp-hook.php(307): auxels_get_refreshed_fragments('')
#2 /customers/f/6/8/mikkelbjoernsholm.one/httpd.www/wp-includes/class-wp-hook.php(331): WP_Hook->apply_filters('', Array)
#3 /customers/f/6/8/mikkelbjoernsholm.one/httpd.www/wp-includes/plugin.php(476): WP_Hook->do_action(Array)
#4 /customers/f/6/8/mikkelbjoernsholm.one/httpd.www/wp-admin/admin-ajax.php(202): do_action('wp_ajax_nopriv_...')
#5 {main}
  thrown in /customers/f/6/8/mikkelbjoernsholm.one/httpd.www/wp-content/themes/phlox/auxin/auxin-include/include/functions.php on line 2926

2022-08-09T04:28:55+00:00 CRITICAL Uncaught TypeError: Cannot access offset of type string on string in /customers/f/6/8/mikkelbjoernsholm.one/httpd.www/wp-content/themes/phlox/auxin/auxin-include/include/functions.php:2926
Stack trace:
#0 /customers/f/6/8/mikkelbjoernsholm.one/httpd.www/wp-content/plugins/auxin-elements/public/includes/frontend-ajax.php(273): auxin_get_cart_basket('', 0)
#1 /customers/f/6/8/mikkelbjoernsholm.one/httpd.www/wp-includes/class-wp-hook.php(307): auxels_get_refreshed_fragments('')
#2 /customers/f/6/8/mikkelbjoernsholm.one/httpd.www/wp-includes/class-wp-hook.php(331): WP_Hook->apply_filters('', Array)
#3 /customers/f/6/8/mikkelbjoernsholm.one/httpd.www/wp-includes/plugin.php(476): WP_Hook->do_action(Array)
#4 /customers/f/6/8/mikkelbjoernsholm.one/httpd.www/wp-admin/admin-ajax.php(187): do_action('wp_ajax_auxels_...')
#5 {main}
  thrown in /customers/f/6/8/mikkelbjoernsholm.one/httpd.www/wp-content/themes/phlox/auxin/auxin-include/include/functions.php on line 2926

2022-08-09T05:02:52+00:00 CRITICAL Uncaught TypeError: Cannot access offset of type string on string in /customers/f/6/8/mikkelbjoernsholm.one/httpd.www/wp-content/themes/phlox/auxin/auxin-include/include/functions.php:2926
Stack trace:
#0 /customers/f/6/8/mikkelbjoernsholm.one/httpd.www/wp-content/plugins/auxin-elements/public/includes/frontend-ajax.php(273): auxin_get_cart_basket('', 0)
#1 /customers/f/6/8/mikkelbjoernsholm.one/httpd.www/wp-includes/class-wp-hook.php(307): auxels_get_refreshed_fragments('')
#2 /customers/f/6/8/mikkelbjoernsholm.one/httpd.www/wp-includes/class-wp-hook.php(331): WP_Hook->apply_filters('', Array)
#3 /customers/f/6/8/mikkelbjoernsholm.one/httpd.www/wp-includes/plugin.php(476): WP_Hook->do_action(Array)
#4 /customers/f/6/8/mikkelbjoernsholm.one/httpd.www/wp-admin/admin-ajax.php(187): do_action('wp_ajax_auxels_...')
#5 {main}
  thrown in /customers/f/6/8/mikkelbjoernsholm.one/httpd.www/wp-content/themes/phlox/auxin/auxin-include/include/functions.php on line 2926

2022-08-09T05:05:53+00:00 CRITICAL Uncaught TypeError: Cannot access offset of type string on string in /customers/f/6/8/mikkelbjoernsholm.one/httpd.www/wp-content/themes/phlox/auxin/auxin-include/include/functions.php:2926
Stack trace:
#0 /customers/f/6/8/mikkelbjoernsholm.one/httpd.www/wp-content/plugins/auxin-elements/public/includes/frontend-ajax.php(273): auxin_get_cart_basket('', 0)
#1 /customers/f/6/8/mikkelbjoernsholm.one/httpd.www/wp-includes/class-wp-hook.php(307): auxels_get_refreshed_fragments('')
#2 /customers/f/6/8/mikkelbjoernsholm.one/httpd.www/wp-includes/class-wp-hook.php(331): WP_Hook->apply_filters('', Array)
#3 /customers/f/6/8/mikkelbjoernsholm.one/httpd.www/wp-includes/plugin.php(476): WP_Hook->do_action(Array)
#4 /customers/f/6/8/mikkelbjoernsholm.one/httpd.www/wp-admin/admin-ajax.php(187): do_action('wp_ajax_auxels_...')
#5 {main}
  thrown in /customers/f/6/8/mikkelbjoernsholm.one/httpd.www/wp-content/themes/phlox/auxin/auxin-include/include/functions.php on line 2926

2022-08-09T05:38:28+00:00 CRITICAL Uncaught TypeError: Cannot access offset of type string on string in /customers/f/6/8/mikkelbjoernsholm.one/httpd.www/wp-content/themes/phlox/auxin/auxin-include/include/functions.php:2926
Stack trace:
#0 /customers/f/6/8/mikkelbjoernsholm.one/httpd.www/wp-content/plugins/auxin-elements/public/includes/frontend-ajax.php(273): auxin_get_cart_basket('', 0)
#1 /customers/f/6/8/mikkelbjoernsholm.one/httpd.www/wp-includes/class-wp-hook.php(307): auxels_get_refreshed_fragments('')
#2 /customers/f/6/8/mikkelbjoernsholm.one/httpd.www/wp-includes/class-wp-hook.php(331): WP_Hook->apply_filters('', Array)
#3 /customers/f/6/8/mikkelbjoernsholm.one/httpd.www/wp-includes/plugin.php(476): WP_Hook->do_action(Array)
#4 /customers/f/6/8/mikkelbjoernsholm.one/httpd.www/wp-admin/admin-ajax.php(187): do_action('wp_ajax_auxels_...')
#5 {main}
  thrown in /customers/f/6/8/mikkelbjoernsholm.one/httpd.www/wp-content/themes/phlox/auxin/auxin-include/include/functions.php on line 2926

2022-08-09T05:39:18+00:00 CRITICAL Uncaught TypeError: Cannot access offset of type string on string in /customers/f/6/8/mikkelbjoernsholm.one/httpd.www/wp-content/themes/phlox/auxin/auxin-include/include/functions.php:2926
Stack trace:
#0 /customers/f/6/8/mikkelbjoernsholm.one/httpd.www/wp-content/plugins/auxin-elements/public/includes/frontend-ajax.php(273): auxin_get_cart_basket('', 0)
#1 /customers/f/6/8/mikkelbjoernsholm.one/httpd.www/wp-includes/class-wp-hook.php(307): auxels_get_refreshed_fragments('')
#2 /customers/f/6/8/mikkelbjoernsholm.one/httpd.www/wp-includes/class-wp-hook.php(331): WP_Hook->apply_filters('', Array)
#3 /customers/f/6/8/mikkelbjoernsholm.one/httpd.www/wp-includes/plugin.php(476): WP_Hook->do_action(Array)
#4 /customers/f/6/8/mikkelbjoernsholm.one/httpd.www/wp-admin/admin-ajax.php(187): do_action('wp_ajax_auxels_...')
#5 {main}
  thrown in /customers/f/6/8/mikkelbjoernsholm.one/httpd.www/wp-content/themes/phlox/auxin/auxin-include/include/functions.php on line 2926

2022-08-09T05:50:38+00:00 CRITICAL Uncaught TypeError: Cannot access offset of type string on string in /customers/f/6/8/mikkelbjoernsholm.one/httpd.www/wp-content/themes/phlox/auxin/auxin-include/include/functions.php:2926
Stack trace:
#0 /customers/f/6/8/mikkelbjoernsholm.one/httpd.www/wp-content/plugins/auxin-elements/public/includes/frontend-ajax.php(273): auxin_get_cart_basket('', 0)
#1 /customers/f/6/8/mikkelbjoernsholm.one/httpd.www/wp-includes/class-wp-hook.php(307): auxels_get_refreshed_fragments('')
#2 /customers/f/6/8/mikkelbjoernsholm.one/httpd.www/wp-includes/class-wp-hook.php(331): WP_Hook->apply_filters('', Array)
#3 /customers/f/6/8/mikkelbjoernsholm.one/httpd.www/wp-includes/plugin.php(476): WP_Hook->do_action(Array)
#4 /customers/f/6/8/mikkelbjoernsholm.one/httpd.www/wp-admin/admin-ajax.php(187): do_action('wp_ajax_auxels_...')
#5 {main}
  thrown in /customers/f/6/8/mikkelbjoernsholm.one/httpd.www/wp-content/themes/phlox/auxin/auxin-include/include/functions.php on line 2926

2022-08-09T06:07:48+00:00 CRITICAL Uncaught TypeError: Cannot access offset of type string on string in /customers/f/6/8/mikkelbjoernsholm.one/httpd.www/wp-content/themes/phlox/auxin/auxin-include/include/functions.php:2926
Stack trace:
#0 /customers/f/6/8/mikkelbjoernsholm.one/httpd.www/wp-content/plugins/auxin-elements/public/includes/frontend-ajax.php(273): auxin_get_cart_basket('', 0)
#1 /customers/f/6/8/mikkelbjoernsholm.one/httpd.www/wp-includes/class-wp-hook.php(307): auxels_get_refreshed_fragments('')
#2 /customers/f/6/8/mikkelbjoernsholm.one/httpd.www/wp-includes/class-wp-hook.php(331): WP_Hook->apply_filters('', Array)
#3 /customers/f/6/8/mikkelbjoernsholm.one/httpd.www/wp-includes/plugin.php(476): WP_Hook->do_action(Array)
#4 /customers/f/6/8/mikkelbjoernsholm.one/httpd.www/wp-admin/admin-ajax.php(187): do_action('wp_ajax_auxels_...')
#5 {main}
  thrown in /customers/f/6/8/mikkelbjoernsholm.one/httpd.www/wp-content/themes/phlox/auxin/auxin-include/include/functions.php on line 2926

2022-08-09T06:08:19+00:00 CRITICAL Uncaught TypeError: Cannot access offset of type string on string in /customers/f/6/8/mikkelbjoernsholm.one/httpd.www/wp-content/themes/phlox/auxin/auxin-include/include/functions.php:2926
Stack trace:
#0 /customers/f/6/8/mikkelbjoernsholm.one/httpd.www/wp-content/plugins/auxin-elements/public/includes/frontend-ajax.php(273): auxin_get_cart_basket('', 0)
#1 /customers/f/6/8/mikkelbjoernsholm.one/httpd.www/wp-includes/class-wp-hook.php(307): auxels_get_refreshed_fragments('')
#2 /customers/f/6/8/mikkelbjoernsholm.one/httpd.www/wp-includes/class-wp-hook.php(331): WP_Hook->apply_filters('', Array)
#3 /customers/f/6/8/mikkelbjoernsholm.one/httpd.www/wp-includes/plugin.php(476): WP_Hook->do_action(Array)
#4 /customers/f/6/8/mikkelbjoernsholm.one/httpd.www/wp-admin/admin-ajax.php(187): do_action('wp_ajax_auxels_...')
#5 {main}
  thrown in /customers/f/6/8/mikkelbjoernsholm.one/httpd.www/wp-content/themes/phlox/auxin/auxin-include/include/functions.php on line 2926

2022-08-09T06:09:13+00:00 CRITICAL Uncaught TypeError: Cannot access offset of type string on string in /customers/f/6/8/mikkelbjoernsholm.one/httpd.www/wp-content/themes/phlox/auxin/auxin-include/include/functions.php:2926
Stack trace:
#0 /customers/f/6/8/mikkelbjoernsholm.one/httpd.www/wp-content/plugins/auxin-elements/public/includes/frontend-ajax.php(273): auxin_get_cart_basket('', 0)
#1 /customers/f/6/8/mikkelbjoernsholm.one/httpd.www/wp-includes/class-wp-hook.php(307): auxels_get_refreshed_fragments('')
#2 /customers/f/6/8/mikkelbjoernsholm.one/httpd.www/wp-includes/class-wp-hook.php(331): WP_Hook->apply_filters('', Array)
#3 /customers/f/6/8/mikkelbjoernsholm.one/httpd.www/wp-includes/plugin.php(476): WP_Hook->do_action(Array)
#4 /customers/f/6/8/mikkelbjoernsholm.one/httpd.www/wp-admin/admin-ajax.php(187): do_action('wp_ajax_auxels_...')
#5 {main}
  thrown in /customers/f/6/8/mikkelbjoernsholm.one/httpd.www/wp-content/themes/phlox/auxin/auxin-include/include/functions.php on line 2926

2022-08-09T06:20:49+00:00 CRITICAL Uncaught TypeError: Cannot access offset of type string on string in /customers/f/6/8/mikkelbjoernsholm.one/httpd.www/wp-content/themes/phlox/auxin/auxin-include/include/functions.php:2926
Stack trace:
#0 /customers/f/6/8/mikkelbjoernsholm.one/httpd.www/wp-content/plugins/auxin-elements/public/includes/frontend-ajax.php(273): auxin_get_cart_basket('', 0)
#1 /customers/f/6/8/mikkelbjoernsholm.one/httpd.www/wp-includes/class-wp-hook.php(307): auxels_get_refreshed_fragments('')
#2 /customers/f/6/8/mikkelbjoernsholm.one/httpd.www/wp-includes/class-wp-hook.php(331): WP_Hook->apply_filters('', Array)
#3 /customers/f/6/8/mikkelbjoernsholm.one/httpd.www/wp-includes/plugin.php(476): WP_Hook->do_action(Array)
#4 /customers/f/6/8/mikkelbjoernsholm.one/httpd.www/wp-admin/admin-ajax.php(187): do_action('wp_ajax_auxels_...')
#5 {main}
  thrown in /customers/f/6/8/mikkelbjoernsholm.one/httpd.www/wp-content/themes/phlox/auxin/auxin-include/include/functions.php on line 2926

2022-08-09T07:12:38+00:00 CRITICAL Uncaught TypeError: Cannot access offset of type string on string in /customers/f/6/8/mikkelbjoernsholm.one/httpd.www/wp-content/themes/phlox/auxin/auxin-include/include/functions.php:2926
Stack trace:
#0 /customers/f/6/8/mikkelbjoernsholm.one/httpd.www/wp-content/plugins/auxin-elements/public/includes/frontend-ajax.php(273): auxin_get_cart_basket('', 0)
#1 /customers/f/6/8/mikkelbjoernsholm.one/httpd.www/wp-includes/class-wp-hook.php(307): auxels_get_refreshed_fragments('')
#2 /customers/f/6/8/mikkelbjoernsholm.one/httpd.www/wp-includes/class-wp-hook.php(331): WP_Hook->apply_filters('', Array)
#3 /customers/f/6/8/mikkelbjoernsholm.one/httpd.www/wp-includes/plugin.php(476): WP_Hook->do_action(Array)
#4 /customers/f/6/8/mikkelbjoernsholm.one/httpd.www/wp-admin/admin-ajax.php(187): do_action('wp_ajax_auxels_...')
#5 {main}
  thrown in /customers/f/6/8/mikkelbjoernsholm.one/httpd.www/wp-content/themes/phlox/auxin/auxin-include/include/functions.php on line 2926

2022-08-09T07:16:29+00:00 CRITICAL Uncaught TypeError: Cannot access offset of type string on string in /customers/f/6/8/mikkelbjoernsholm.one/httpd.www/wp-content/themes/phlox/auxin/auxin-include/include/functions.php:2926
Stack trace:
#0 /customers/f/6/8/mikkelbjoernsholm.one/httpd.www/wp-content/plugins/auxin-elements/public/includes/frontend-ajax.php(273): auxin_get_cart_basket('', 0)
#1 /customers/f/6/8/mikkelbjoernsholm.one/httpd.www/wp-includes/class-wp-hook.php(307): auxels_get_refreshed_fragments('')
#2 /customers/f/6/8/mikkelbjoernsholm.one/httpd.www/wp-includes/class-wp-hook.php(331): WP_Hook->apply_filters('', Array)
#3 /customers/f/6/8/mikkelbjoernsholm.one/httpd.www/wp-includes/plugin.php(476): WP_Hook->do_action(Array)
#4 /customers/f/6/8/mikkelbjoernsholm.one/httpd.www/wp-admin/admin-ajax.php(187): do_action('wp_ajax_auxels_...')
#5 {main}
  thrown in /customers/f/6/8/mikkelbjoernsholm.one/httpd.www/wp-content/themes/phlox/auxin/auxin-include/include/functions.php on line 2926

